C:\Program Files (x86)\Microsoft Visual Studio\2017\Community\Common7\IDE\VC\VCTargets\Microsoft.CppBuild.targets(387,5): warning MSB8028: Le répertoire intermédiaire (Debug\) contient des fichiers partagés provenant d'un autre projet (SFML-TERRE-CREUSE.vcxproj). Cela peut entraîner un comportement de nettoyage et de régénération incorrect.
  main.c
c:\users\guillaume\desktop\blood system\sfml-window\header.h(16): warning C4067: jetons inattendus après la directive du préprocesseur - saut de ligne attendu
c:\users\guillaume\desktop\blood system\sfml-window\header.h(20): warning C4067: jetons inattendus après la directive du préprocesseur - saut de ligne attendu
c:\users\guillaume\desktop\blood system\sfml-window\header.h(24): warning C4067: jetons inattendus après la directive du préprocesseur - saut de ligne attendu
c:\users\guillaume\desktop\blood system\sfml-window\header.h(28): warning C4067: jetons inattendus après la directive du préprocesseur - saut de ligne attendu
c:\users\guillaume\desktop\blood system\sfml-window\header.h(32): warning C4067: jetons inattendus après la directive du préprocesseur - saut de ligne attendu
c:\users\guillaume\desktop\blood system\sfml-window\header.h(36): warning C4067: jetons inattendus après la directive du préprocesseur - saut de ligne attendu
c:\users\guillaume\desktop\blood system\sfml-window\header.h(40): warning C4067: jetons inattendus après la directive du préprocesseur - saut de ligne attendu
c:\users\guillaume\desktop\blood system\sfml-window\header.h(44): warning C4067: jetons inattendus après la directive du préprocesseur - saut de ligne attendu
c:\users\guillaume\desktop\blood system\sfml-window\main.c(6): warning C4244: 'fonction' : conversion de 'time_t' en 'unsigned int', perte possible de données
c:\users\guillaume\desktop\blood system\sfml-window\main.c(167): warning C4133: 'fonction' : types incompatibles - de 'sfRenderWindow *' à 'const sfWindow *'
c:\users\guillaume\desktop\blood system\sfml-window\main.c(220): warning C4305: '=' : troncation de 'double' à 'float'
c:\users\guillaume\desktop\blood system\sfml-window\main.c(239): warning C4305: '=' : troncation de 'double' à 'float'
c:\users\guillaume\desktop\blood system\sfml-window\main.c(240): warning C4305: '=' : troncation de 'double' à 'float'
c:\users\guillaume\desktop\blood system\sfml-window\main.c(249): warning C4305: '=' : troncation de 'double' à 'float'
c:\users\guillaume\desktop\blood system\sfml-window\main.c(250): warning C4305: '=' : troncation de 'double' à 'float'
c:\users\guillaume\desktop\blood system\sfml-window\main.c(506): warning C4244: '=' : conversion de 'int' en 'float', perte possible de données
c:\users\guillaume\desktop\blood system\sfml-window\main.c(507): warning C4244: '=' : conversion de 'int' en 'float', perte possible de données
c:\users\guillaume\desktop\blood system\sfml-window\main.c(677): warning C4244: 'fonction' : conversion de 'float' en 'unsigned int', perte possible de données
c:\users\guillaume\desktop\blood system\sfml-window\main.c(781): warning C4244: '=' : conversion de 'double' en 'float', perte possible de données
c:\users\guillaume\desktop\blood system\sfml-window\main.c(782): warning C4244: '=' : conversion de 'double' en 'float', perte possible de données
c:\users\guillaume\desktop\blood system\sfml-window\main.c(786): warning C4244: '=' : conversion de 'double' en 'float', perte possible de données
c:\users\guillaume\desktop\blood system\sfml-window\main.c(787): warning C4244: '=' : conversion de 'double' en 'float', perte possible de données
c:\users\guillaume\desktop\blood system\sfml-window\main.c(795): warning C4244: 'fonction' : conversion de 'float' en 'unsigned int', perte possible de données
c:\users\guillaume\desktop\blood system\sfml-window\main.c(796): warning C4244: 'fonction' : conversion de 'float' en 'unsigned int', perte possible de données
c:\users\guillaume\desktop\blood system\sfml-window\main.c(811): warning C4244: 'fonction' : conversion de 'float' en 'unsigned int', perte possible de données
c:\users\guillaume\desktop\blood system\sfml-window\main.c(812): warning C4244: 'fonction' : conversion de 'float' en 'unsigned int', perte possible de données
c:\users\guillaume\desktop\blood system\sfml-window\main.c(984): warning C4305: '=' : troncation de 'double' à 'float'
c:\users\guillaume\desktop\blood system\sfml-window\main.c(985): warning C4305: '=' : troncation de 'double' à 'float'
c:\users\guillaume\desktop\blood system\sfml-window\main.c(993): warning C4305: '=' : troncation de 'double' à 'float'
c:\users\guillaume\desktop\blood system\sfml-window\main.c(994): warning C4305: '=' : troncation de 'double' à 'float'
c:\users\guillaume\desktop\blood system\sfml-window\main.c(1177): warning C4133: 'fonction' : types incompatibles - de 'sfRenderWindow *' à 'const sfWindow *'
c:\users\guillaume\desktop\blood system\sfml-window\main.c(1189): warning C4244: 'fonction' : conversion de 'float' en 'unsigned int', perte possible de données
c:\users\guillaume\desktop\blood system\sfml-window\main.c(1190): warning C4244: 'fonction' : conversion de 'float' en 'unsigned int', perte possible de données
c:\users\guillaume\desktop\blood system\sfml-window\main.c(1252): warning C4133: 'fonction' : types incompatibles - de 'sfRenderWindow *' à 'const sfWindow *'
c:\users\guillaume\desktop\blood system\sfml-window\main.c(1261): warning C4244: 'fonction' : conversion de 'float' en 'unsigned int', perte possible de données
c:\users\guillaume\desktop\blood system\sfml-window\main.c(1262): warning C4244: 'fonction' : conversion de 'float' en 'unsigned int', perte possible de données
c:\users\guillaume\desktop\blood system\sfml-window\main.c(1289): warning C4244: '=' : conversion de 'int' en 'float', perte possible de données
c:\users\guillaume\desktop\blood system\sfml-window\main.c(1464): warning C4244: 'fonction' : conversion de 'float' en 'unsigned int', perte possible de données
c:\users\guillaume\desktop\blood system\sfml-window\main.c(1469): warning C4244: 'fonction' : conversion de 'float' en 'unsigned int', perte possible de données
c:\users\guillaume\desktop\blood system\sfml-window\main.c(1474): warning C4244: 'fonction' : conversion de 'float' en 'unsigned int', perte possible de données
c:\users\guillaume\desktop\blood system\sfml-window\main.c(1475): warning C4244: 'fonction' : conversion de 'float' en 'unsigned int', perte possible de données
c:\users\guillaume\desktop\blood system\sfml-window\main.c(1480): warning C4244: 'fonction' : conversion de 'float' en 'unsigned int', perte possible de données
c:\users\guillaume\desktop\blood system\sfml-window\main.c(1481): warning C4244: 'fonction' : conversion de 'float' en 'unsigned int', perte possible de données
c:\users\guillaume\desktop\blood system\sfml-window\main.c(1538): warning C4244: 'fonction' : conversion de 'float' en 'unsigned int', perte possible de données
c:\users\guillaume\desktop\blood system\sfml-window\main.c(1547): warning C4244: 'fonction' : conversion de 'float' en 'unsigned int', perte possible de données
c:\users\guillaume\desktop\blood system\sfml-window\main.c(1556): warning C4244: 'fonction' : conversion de 'float' en 'unsigned int', perte possible de données
c:\users\guillaume\desktop\blood system\sfml-window\main.c(1557): warning C4244: 'fonction' : conversion de 'float' en 'unsigned int', perte possible de données
c:\users\guillaume\desktop\blood system\sfml-window\main.c(1566): warning C4244: 'fonction' : conversion de 'float' en 'unsigned int', perte possible de données
c:\users\guillaume\desktop\blood system\sfml-window\main.c(1567): warning C4244: 'fonction' : conversion de 'float' en 'unsigned int', perte possible de données
c:\users\guillaume\desktop\blood system\sfml-window\main.c(1576): warning C4244: 'fonction' : conversion de 'float' en 'unsigned int', perte possible de données
c:\users\guillaume\desktop\blood system\sfml-window\main.c(1577): warning C4244: 'fonction' : conversion de 'float' en 'unsigned int', perte possible de données
c:\users\guillaume\desktop\blood system\sfml-window\main.c(1641): warning C4133: 'fonction' : types incompatibles - de 'sfSprite *' à 'const sfShape *'
c:\users\guillaume\desktop\blood system\sfml-window\main.c(1664): warning C4244: 'fonction' : conversion de 'float' en 'unsigned int', perte possible de données
c:\users\guillaume\desktop\blood system\sfml-window\main.c(1665): warning C4244: 'fonction' : conversion de 'float' en 'unsigned int', perte possible de données
c:\users\guillaume\desktop\blood system\sfml-window\main.c(1708): warning C4305: '=' : troncation de 'double' à 'float'
c:\users\guillaume\desktop\blood system\sfml-window\main.c(1760): warning C4244: '+=' : conversion de 'double' en 'float', perte possible de données
c:\users\guillaume\desktop\blood system\sfml-window\main.c(1761): warning C4244: '+=' : conversion de 'double' en 'float', perte possible de données
c:\users\guillaume\desktop\blood system\sfml-window\main.c(1778): warning C4133: 'fonction' : types incompatibles - de 'sfRenderWindow *' à 'const sfWindow *'
c:\users\guillaume\desktop\blood system\sfml-window\main.c(2219): warning C4133: 'fonction' : types incompatibles - de 'sfRenderWindow *' à 'const sfWindow *'
c:\users\guillaume\desktop\blood system\sfml-window\main.c(2227): warning C4244: 'fonction' : conversion de 'float' en 'unsigned int', perte possible de données
c:\users\guillaume\desktop\blood system\sfml-window\main.c(2228): warning C4244: 'fonction' : conversion de 'float' en 'unsigned int', perte possible de données
c:\users\guillaume\desktop\blood system\sfml-window\main.c(2290): warning C4244: '+=' : conversion de 'double' en 'float', perte possible de données
c:\users\guillaume\desktop\blood system\sfml-window\main.c(2291): warning C4244: '+=' : conversion de 'double' en 'float', perte possible de données
c:\users\guillaume\desktop\blood system\sfml-window\main.c(2306): warning C4133: 'fonction' : types incompatibles - de 'sfRenderWindow *' à 'const sfWindow *'
c:\users\guillaume\desktop\blood system\sfml-window\main.c(2365): warning C4133: 'fonction' : types incompatibles - de 'sfRenderWindow *' à 'const sfWindow *'
c:\users\guillaume\desktop\blood system\sfml-window\main.c(170): warning C4244: 'initialisation' : conversion de 'unsigned int' en 'float', perte possible de données
c:\users\guillaume\desktop\blood system\sfml-window\main.c(278): warning C4101: 'Color_Green' : variable locale non référencée
c:\users\guillaume\desktop\blood system\sfml-window\main.c(99): warning C4101: 'Rect_TowerBB' : variable locale non référencée
c:\users\guillaume\desktop\blood system\sfml-window\main.c(277): warning C4101: 'Color_Blue' : variable locale non référencée
  fonctions.c
c:\users\guillaume\desktop\blood system\sfml-window\header.h(16): warning C4067: jetons inattendus après la directive du préprocesseur - saut de ligne attendu
c:\users\guillaume\desktop\blood system\sfml-window\header.h(20): warning C4067: jetons inattendus après la directive du préprocesseur - saut de ligne attendu
c:\users\guillaume\desktop\blood system\sfml-window\header.h(24): warning C4067: jetons inattendus après la directive du préprocesseur - saut de ligne attendu
c:\users\guillaume\desktop\blood system\sfml-window\header.h(28): warning C4067: jetons inattendus après la directive du préprocesseur - saut de ligne attendu
c:\users\guillaume\desktop\blood system\sfml-window\header.h(32): warning C4067: jetons inattendus après la directive du préprocesseur - saut de ligne attendu
c:\users\guillaume\desktop\blood system\sfml-window\header.h(36): warning C4067: jetons inattendus après la directive du préprocesseur - saut de ligne attendu
c:\users\guillaume\desktop\blood system\sfml-window\header.h(40): warning C4067: jetons inattendus après la directive du préprocesseur - saut de ligne attendu
c:\users\guillaume\desktop\blood system\sfml-window\header.h(44): warning C4067: jetons inattendus après la directive du préprocesseur - saut de ligne attendu
c:\users\guillaume\desktop\blood system\sfml-window\fonctions.c(36): warning C4020: 'sfFont_createFromFile' : paramètres réels trop nombreux
c:\users\guillaume\desktop\blood system\sfml-window\fonctions.c(40): warning C4020: 'sfText_setFont' : paramètres réels trop nombreux
c:\users\guillaume\desktop\blood system\sfml-window\fonctions.c(54): warning C4133: 'fonction' : types incompatibles - de 'char *' à 'sfText *'
c:\users\guillaume\desktop\blood system\sfml-window\fonctions.c(58): warning C4133: 'fonction' : types incompatibles - de 'char *' à 'const sfText *'
c:\users\guillaume\desktop\blood system\sfml-window\fonctions.c(65): warning C4133: 'fonction' : types incompatibles - de 'char *' à 'sfText *'
c:\users\guillaume\desktop\blood system\sfml-window\fonctions.c(67): warning C4133: 'fonction' : types incompatibles - de 'char *' à 'const sfText *'
c:\users\guillaume\desktop\blood system\sfml-window\fonctions.c(73): warning C4133: 'fonction' : types incompatibles - de 'char *' à 'const sfWindow *'
c:\users\guillaume\desktop\blood system\sfml-window\fonctions.c(86): warning C4133: 'fonction' : types incompatibles - de 'char *' à 'const sfText *'
c:\users\guillaume\desktop\blood system\sfml-window\fonctions.c(88): warning C4133: 'fonction' : types incompatibles - de 'char *' à 'const sfWindow *'
c:\users\guillaume\desktop\blood system\sfml-window\fonctions.c(100): warning C4133: 'fonction' : types incompatibles - de 'char *' à 'const sfSprite *'
c:\users\guillaume\desktop\blood system\sfml-window\fonctions.c(102): warning C4133: 'fonction' : types incompatibles - de 'char *' à 'const sfSprite *'
c:\users\guillaume\desktop\blood system\sfml-window\fonctions.c(113): warning C4133: 'fonction' : types incompatibles - de 'char *' à 'sfSprite *'
c:\users\guillaume\desktop\blood system\sfml-window\fonctions.c(118): warning C4133: 'fonction' : types incompatibles - de 'char *' à 'sfSprite *'
c:\users\guillaume\desktop\blood system\sfml-window\fonctions.c(250): warning C4098: 'loadTowerSlots' : fonction 'void' retournant une valeur
c:\users\guillaume\desktop\blood system\sfml-window\fonctions.c(1030): warning C4244: '=' : conversion de 'double' en 'float', perte possible de données
c:\users\guillaume\desktop\blood system\sfml-window\fonctions.c(1031): warning C4244: '=' : conversion de 'double' en 'float', perte possible de données
c:\users\guillaume\desktop\blood system\sfml-window\fonctions.c(1039): warning C4244: 'return' : conversion de 'double' en 'float', perte possible de données
c:\users\guillaume\desktop\blood system\sfml-window\fonctions.c(1044): warning C4244: 'return' : conversion de 'double' en 'float', perte possible de données
c:\users\guillaume\desktop\blood system\sfml-window\fonctions.c(1049): warning C4244: 'return' : conversion de 'double' en 'float', perte possible de données
c:\users\guillaume\desktop\blood system\sfml-window\fonctions.c(1054): warning C4244: 'initialisation' : conversion de 'double' en 'float', perte possible de données
c:\users\guillaume\desktop\blood system\sfml-window\fonctions.c(1066): warning C4244: 'return' : conversion de 'double' en 'float', perte possible de données
c:\users\guillaume\desktop\blood system\sfml-window\fonctions.c(1075): warning C4244: '=' : conversion de 'double' en 'float', perte possible de données
c:\users\guillaume\desktop\blood system\sfml-window\fonctions.c(1076): warning C4244: '=' : conversion de 'double' en 'float', perte possible de données
c:\users\guillaume\desktop\blood system\sfml-window\fonctions.c(1084): warning C4244: 'return' : conversion de 'double' en 'float', perte possible de données
c:\users\guillaume\desktop\blood system\sfml-window\fonctions.c(1105): warning C4244: '=' : conversion de 'double' en 'float', perte possible de données
c:\users\guillaume\desktop\blood system\sfml-window\fonctions.c(1106): warning C4244: '=' : conversion de 'double' en 'float', perte possible de données
c:\users\guillaume\desktop\blood system\sfml-window\fonctions.c(1125): warning C4244: '=' : conversion de 'double' en 'float', perte possible de données
c:\users\guillaume\desktop\blood system\sfml-window\fonctions.c(1126): warning C4244: '=' : conversion de 'double' en 'float', perte possible de données
c:\users\guillaume\desktop\blood system\sfml-window\fonctions.c(1128): warning C4244: '=' : conversion de 'double' en 'float', perte possible de données
c:\users\guillaume\desktop\blood system\sfml-window\fonctions.c(1129): warning C4244: '=' : conversion de 'double' en 'float', perte possible de données
c:\users\guillaume\desktop\blood system\sfml-window\fonctions.c(1156): warning C4244: 'fonction' : conversion de 'float' en 'unsigned int', perte possible de données
c:\users\guillaume\desktop\blood system\sfml-window\fonctions.c(1157): warning C4244: 'fonction' : conversion de 'float' en 'unsigned int', perte possible de données
c:\users\guillaume\desktop\blood system\sfml-window\fonctions.c(1172): warning C4244: 'fonction' : conversion de 'float' en 'unsigned int', perte possible de données
c:\users\guillaume\desktop\blood system\sfml-window\fonctions.c(1173): warning C4244: 'fonction' : conversion de 'float' en 'unsigned int', perte possible de données
c:\users\guillaume\desktop\blood system\sfml-window\fonctions.c(1189): warning C4244: 'fonction' : conversion de 'float' en 'unsigned int', perte possible de données
c:\users\guillaume\desktop\blood system\sfml-window\fonctions.c(1190): warning C4244: 'fonction' : conversion de 'float' en 'unsigned int', perte possible de données
  Génération de code en cours...
c:\users\guillaume\desktop\blood system\sfml-window\fonctions.c(59): warning C4716: 'DrawTextInTextBox' : doit retourner une valeur
c:\users\guillaume\desktop\blood system\sfml-window\fonctions.c(68): warning C4716: 'DrawTextWindow' : doit retourner une valeur
  SFML-window.vcxproj -> C:\Users\Guillaume\Desktop\BLOOD SYSTEM\Debug\Tower Defense.exe
